2018-09-19 11:28:07,963 CRIT Supervisor running as root (no user in config file)
2018-09-19 11:28:07,964 INFO Included extra file "/etc/supervisor/conf.d/supervisord.conf" during parsing
2018-09-19 11:28:08,253 INFO RPC interface 'supervisor' initialized
2018-09-19 11:28:08,254 CRIT Server 'unix_http_server' running without any HTTP authentication checking
2018-09-19 11:28:08,254 INFO supervisord started with pid 1
2018-09-19 11:28:09,259 INFO spawned: 'varnishd' with pid 17
2018-09-19 11:28:09,266 INFO spawned: 'php-fpm' with pid 18
2018-09-19 11:28:09,271 INFO spawned: 'varnish-plugins-watcher' with pid 19
2018-09-19 11:28:09,284 INFO spawned: 'nginx' with pid 20
2018-09-19 11:28:09,331 INFO spawned: 'MailHog' with pid 21
2018-09-19 11:28:09,339 INFO spawned: 'mysql' with pid 22
2018-09-19 11:28:09,351 INFO spawned: 'varnish-themes-watcher' with pid 23
2018-09-19 11:28:10,269 INFO success: varnishd entered RUNNING state, process has stayed up for > than 1 seconds (startsecs)
2018-09-19 11:28:10,269 INFO success: php-fpm entered RUNNING state, process has stayed up for > than 1 seconds (startsecs)
2018-09-19 11:28:10,270 INFO success: varnish-plugins-watcher entered RUNNING state, process has stayed up for > than 1 seconds (startsecs)
2018-09-19 11:28:11,164 INFO success: nginx entered RUNNING state, process has stayed up for > than 1 seconds (startsecs)
2018-09-19 11:28:11,165 INFO success: MailHog entered RUNNING state, process has stayed up for > than 1 seconds (startsecs)
2018-09-19 11:28:11,167 INFO success: mysql entered RUNNING state, process has stayed up for > than 1 seconds (startsecs)
2018-09-19 11:28:11,168 INFO success: varnish-themes-watcher entered RUNNING state, process has stayed up for > than 1 seconds (startsecs)
2018-09-19 11:34:35,682 WARN received SIGTERM indicating exit request
2018-09-19 11:34:35,683 INFO waiting for varnishd, php-fpm, varnish-plugins-watcher, nginx, MailHog, mysql, varnish-themes-watcher to die
2018-09-19 11:34:36,688 INFO stopped: varnish-themes-watcher (terminated by SIGTERM)
2018-09-19 11:34:36,889 INFO stopped: mysql (exit status 0)
2018-09-19 11:34:36,925 INFO stopped: MailHog (terminated by SIGTERM)
2018-09-19 11:34:36,944 INFO stopped: nginx (exit status 0)
2018-09-19 11:34:37,947 INFO stopped: varnish-plugins-watcher (terminated by SIGTERM)
2018-09-19 11:34:37,978 INFO stopped: php-fpm (exit status 0)
2018-09-19 11:34:39,007 INFO waiting for varnishd to die
2018-09-19 11:34:39,250 INFO stopped: varnishd (exit status 0)
2018-09-19 12:27:27,704 CRIT Supervisor running as root (no user in config file)
2018-09-19 12:27:27,718 INFO Included extra file "/etc/supervisor/conf.d/supervisord.conf" during parsing
2018-09-19 12:27:27,904 INFO RPC interface 'supervisor' initialized
2018-09-19 12:27:27,905 CRIT Server 'unix_http_server' running without any HTTP authentication checking
2018-09-19 12:27:27,906 INFO supervisord started with pid 1
2018-09-19 12:27:28,911 INFO spawned: 'varnishd' with pid 48
2018-09-19 12:27:28,942 INFO spawned: 'php-fpm' with pid 49
2018-09-19 12:27:28,958 INFO spawned: 'varnish-plugins-watcher' with pid 50
2018-09-19 12:27:28,986 INFO spawned: 'nginx' with pid 51
2018-09-19 12:27:29,014 INFO spawned: 'MailHog' with pid 52
2018-09-19 12:27:29,026 INFO spawned: 'mysql' with pid 53
2018-09-19 12:27:29,049 INFO spawned: 'varnish-themes-watcher' with pid 54
2018-09-19 12:27:30,073 INFO success: varnishd entered RUNNING state, process has stayed up for > than 1 seconds (startsecs)
2018-09-19 12:27:30,074 INFO success: php-fpm entered RUNNING state, process has stayed up for > than 1 seconds (startsecs)
2018-09-19 12:27:30,074 INFO success: varnish-plugins-watcher entered RUNNING state, process has stayed up for > than 1 seconds (startsecs)
2018-09-19 12:27:30,075 INFO success: nginx entered RUNNING state, process has stayed up for > than 1 seconds (startsecs)
2018-09-19 12:27:30,075 INFO success: MailHog entered RUNNING state, process has stayed up for > than 1 seconds (startsecs)
2018-09-19 12:27:30,076 INFO success: mysql entered RUNNING state, process has stayed up for > than 1 seconds (startsecs)
2018-09-19 12:27:30,076 INFO success: varnish-themes-watcher entered RUNNING state, process has stayed up for > than 1 seconds (startsecs)
